[INFO] Scanning for projects...
[INFO] 
[INFO] -------------------------< cc.lingnow:server >--------------------------
[INFO] Building LingNow.cc Server 0.0.1-SNAPSHOT
[INFO]   from pom.xml
[INFO] --------------------------------[ jar ]---------------------------------
[INFO] 
[INFO] >>> spring-boot:3.2.4:run (default-cli) > test-compile @ server >>>
[INFO] 
[INFO] --- resources:3.3.1:resources (default-resources) @ server ---
[INFO] Copying 1 resource from src/main/resources to target/classes
[INFO] Copying 0 resource from src/main/resources to target/classes
[INFO] 
[INFO] --- compiler:3.11.0:compile (default-compile) @ server ---
[INFO] Nothing to compile - all classes are up to date
[INFO] 
[INFO] --- resources:3.3.1:testResources (default-testResources) @ server ---
[INFO] Copying 1 resource from src/test/resources to target/test-classes
[INFO] 
[INFO] --- compiler:3.11.0:testCompile (default-testCompile) @ server ---
[INFO] Nothing to compile - all classes are up to date
[INFO] 
[INFO] <<< spring-boot:3.2.4:run (default-cli) < test-compile @ server <<<
[INFO] 
[INFO] 
[INFO] --- spring-boot:3.2.4:run (default-cli) @ server ---
[INFO] Attaching agents: []

  .   ____          _            __ _ _
 /\\ / ___'_ __ _ _(_)_ __  __ _ \ \ \ \
( ( )\___ | '_ | '_| | '_ \/ _` | \ \ \ \
 \\/  ___)| |_)| | | | | || (_| |  ) ) ) )
  '  |____| .__|_| |_|_| |_\__, | / / / /
 =========|_|==============|___/=/_/_/_/
 :: Spring Boot ::                (v3.2.4)

2026-03-29T09:56:06.566+08:00  INFO 80228 --- [lingnow-server] [  restartedMain] cc.lingnow.LingNowApplication            : Starting LingNowApplication using Java 21.0.10 with PID 80228 (/Users/eric/workspace/lingnow/backend/target/classes started by eric in /Users/eric/workspace/lingnow/backend)
2026-03-29T09:56:06.566+08:00 DEBUG 80228 --- [lingnow-server] [  restartedMain] cc.lingnow.LingNowApplication            : Running with Spring Boot v3.2.4, Spring v6.1.5
2026-03-29T09:56:06.566+08:00  INFO 80228 --- [lingnow-server] [  restartedMain] cc.lingnow.LingNowApplication            : No active profile set, falling back to 1 default profile: "default"
2026-03-29T09:56:06.583+08:00  INFO 80228 --- [lingnow-server] [  restartedMain] .e.DevToolsPropertyDefaultsPostProcessor : Devtools property defaults active! Set 'spring.devtools.add-properties' to 'false' to disable
2026-03-29T09:56:06.583+08:00  INFO 80228 --- [lingnow-server] [  restartedMain] .e.DevToolsPropertyDefaultsPostProcessor : For additional web related logging consider setting the 'logging.level.web' property to 'DEBUG'
2026-03-29T09:56:06.812+08:00  INFO 80228 --- [lingnow-server] [  restartedMain] .s.d.r.c.RepositoryConfigurationDelegate : Multiple Spring Data modules found, entering strict repository configuration mode
2026-03-29T09:56:06.812+08:00  INFO 80228 --- [lingnow-server] [  restartedMain] .s.d.r.c.RepositoryConfigurationDelegate : Bootstrapping Spring Data JPA repositories in DEFAULT mode.
2026-03-29T09:56:06.870+08:00  INFO 80228 --- [lingnow-server] [  restartedMain] .s.d.r.c.RepositoryConfigurationDelegate : Finished Spring Data repository scanning in 55 ms. Found 2 JPA repository interfaces.
2026-03-29T09:56:06.878+08:00  INFO 80228 --- [lingnow-server] [  restartedMain] .s.d.r.c.RepositoryConfigurationDelegate : Multiple Spring Data modules found, entering strict repository configuration mode
2026-03-29T09:56:06.878+08:00  INFO 80228 --- [lingnow-server] [  restartedMain] .s.d.r.c.RepositoryConfigurationDelegate : Bootstrapping Spring Data Redis repositories in DEFAULT mode.
2026-03-29T09:56:06.885+08:00  INFO 80228 --- [lingnow-server] [  restartedMain] .RepositoryConfigurationExtensionSupport : Spring Data Redis - Could not safely identify store assignment for repository candidate interface cc.lingnow.repository.ManifestRepository; If you want this repository to be a Redis repository, consider annotating your entities with one of these annotations: org.springframework.data.redis.core.RedisHash (preferred), or consider extending one of the following types with your repository: org.springframework.data.keyvalue.repository.KeyValueRepository
2026-03-29T09:56:06.885+08:00  INFO 80228 --- [lingnow-server] [  restartedMain] .RepositoryConfigurationExtensionSupport : Spring Data Redis - Could not safely identify store assignment for repository candidate interface cc.lingnow.repository.UserRepository; If you want this repository to be a Redis repository, consider annotating your entities with one of these annotations: org.springframework.data.redis.core.RedisHash (preferred), or consider extending one of the following types with your repository: org.springframework.data.keyvalue.repository.KeyValueRepository
2026-03-29T09:56:06.885+08:00  INFO 80228 --- [lingnow-server] [  restartedMain] .s.d.r.c.RepositoryConfigurationDelegate : Finished Spring Data repository scanning in 2 ms. Found 0 Redis repository interfaces.
2026-03-29T09:56:07.117+08:00  INFO 80228 --- [lingnow-server] [  restartedMain] o.s.b.w.embedded.tomcat.TomcatWebServer  : Tomcat initialized with port 2001 (http)
2026-03-29T09:56:07.124+08:00  INFO 80228 --- [lingnow-server] [  restartedMain] o.apache.catalina.core.StandardService   : Starting service [Tomcat]
2026-03-29T09:56:07.124+08:00  INFO 80228 --- [lingnow-server] [  restartedMain] o.apache.catalina.core.StandardEngine    : Starting Servlet engine: [Apache Tomcat/10.1.19]
2026-03-29T09:56:07.139+08:00  INFO 80228 --- [lingnow-server] [  restartedMain] o.a.c.c.C.[Tomcat].[localhost].[/]       : Initializing Spring embedded WebApplicationContext
2026-03-29T09:56:07.139+08:00  INFO 80228 --- [lingnow-server] [  restartedMain] w.s.c.ServletWebServerApplicationContext : Root WebApplicationContext: initialization completed in 556 ms
2026-03-29T09:56:07.210+08:00  INFO 80228 --- [lingnow-server] [  restartedMain] o.hibernate.jpa.internal.util.LogHelper  : HHH000204: Processing PersistenceUnitInfo [name: default]
2026-03-29T09:56:07.232+08:00  INFO 80228 --- [lingnow-server] [  restartedMain] org.hibernate.Version                    : HHH000412: Hibernate ORM core version 6.4.4.Final
2026-03-29T09:56:07.246+08:00  INFO 80228 --- [lingnow-server] [  restartedMain] o.h.c.internal.RegionFactoryInitiator    : HHH000026: Second-level cache disabled
2026-03-29T09:56:07.323+08:00  INFO 80228 --- [lingnow-server] [  restartedMain] o.s.o.j.p.SpringPersistenceUnitInfo      : No LoadTimeWeaver setup: ignoring JPA class transformer
2026-03-29T09:56:07.332+08:00  INFO 80228 --- [lingnow-server] [  restartedMain] com.zaxxer.hikari.HikariDataSource       : HikariPool-1 - Starting...
2026-03-29T09:56:07.404+08:00  INFO 80228 --- [lingnow-server] [  restartedMain] com.zaxxer.hikari.pool.HikariPool        : HikariPool-1 - Added connection com.mysql.cj.jdbc.ConnectionImpl@4663ec80
2026-03-29T09:56:07.405+08:00  INFO 80228 --- [lingnow-server] [  restartedMain] com.zaxxer.hikari.HikariDataSource       : HikariPool-1 - Start completed.
2026-03-29T09:56:07.424+08:00  WARN 80228 --- [lingnow-server] [  restartedMain] org.hibernate.orm.deprecation            : HHH90000025: MySQLDialect does not need to be specified explicitly using 'hibernate.dialect' (remove the property setting and it will be selected by default)
2026-03-29T09:56:07.759+08:00  INFO 80228 --- [lingnow-server] [  restartedMain] o.h.e.t.j.p.i.JtaPlatformInitiator       : HHH000489: No JTA platform available (set 'hibernate.transaction.jta.platform' to enable JTA platform integration)
2026-03-29T09:56:07.802+08:00  INFO 80228 --- [lingnow-server] [  restartedMain] j.LocalContainerEntityManagerFactoryBean : Initialized JPA EntityManagerFactory for persistence unit 'default'
2026-03-29T09:56:08.067+08:00  WARN 80228 --- [lingnow-server] [  restartedMain] JpaBaseConfiguration$JpaWebConfiguration : spring.jpa.open-in-view is enabled by default. Therefore, database queries may be performed during view rendering. Explicitly configure spring.jpa.open-in-view to disable this warning
____ ____    ___ ____ _  _ ____ _  _ 
[__  |__| __  |  |  | |_/  |___ |\ | 
___] |  |     |  |__| | \_ |___ | \| 
https://sa-token.cc (v1.37.0)
2026-03-29T09:56:08.352+08:00  INFO 80228 --- [lingnow-server] [  restartedMain] o.s.b.d.a.OptionalLiveReloadServer       : LiveReload server is running on port 35729
2026-03-29T09:56:08.364+08:00  INFO 80228 --- [lingnow-server] [  restartedMain] o.s.b.w.embedded.tomcat.TomcatWebServer  : Tomcat started on port 2001 (http) with context path ''
2026-03-29T09:56:08.369+08:00  INFO 80228 --- [lingnow-server] [  restartedMain] cc.lingnow.LingNowApplication            : Started LingNowApplication in 1.928 seconds (process running for 2.06)
[INFO] ------------------------------------------------------------------------
[INFO] BUILD FAILURE
[INFO] ------------------------------------------------------------------------
[INFO] Total time:  29:33 min
[INFO] Finished at: 2026-03-29T10:25:38+08:00
[INFO] ------------------------------------------------------------------------
[ERROR] Failed to execute goal org.springframework.boot:spring-boot-maven-plugin:3.2.4:run (default-cli) on project server: Process terminated with exit code: 137 -> [Help 1]
[ERROR] 
[ERROR] To see the full stack trace of the errors, re-run Maven with the -e switch.
[ERROR] Re-run Maven using the -X switch to enable full debug logging.
[ERROR] 
[ERROR] For more information about the errors and possible solutions, please read the following articles:
[ERROR] [Help 1] http://cwiki.apache.org/confluence/display/MAVEN/MojoExecutionException
